nohup: appending output to 'nohup.out'
INFO [12-19|01:58:00.990] Bumping default cache on mainnet         provided=1024 updated=4096
INFO [12-19|01:58:00.991] Maximum peer count                       ETH=50 LES=0 total=50
INFO [12-19|01:58:00.991] Smartcard socket not found, disabling    err="stat /run/pcscd/pcscd.comm: no such file or directory"
INFO [12-19|01:58:00.993] Starting peer-to-peer node               instance=Geth/v1.9.1-stable/linux-amd64/go1.9.3
INFO [12-19|01:58:00.993] Allocated trie memory caches             clean=1024.00MiB dirty=1024.00MiB
INFO [12-19|01:58:00.993] Allocated cache and file handles         database=/home/sourav/RenoirExperiment10Nodes/gitRepoRenoir/.ethereum5/geth/chaindata cache=2.00GiB handles=2048
INFO [12-19|01:58:01.267] Opened ancient database                  database=/home/sourav/RenoirExperiment10Nodes/gitRepoRenoir/.ethereum5/geth/chaindata/ancient
INFO [12-19|01:58:01.267] Writing default main-net genesis block 
INFO [12-19|01:58:01.520] Persisted trie from memory database      nodes=12356 size=1.79MiB time=52.765618ms gcnodes=0 gcsize=0.00B gctime=0s livenodes=1 livesize=0.00B
INFO [12-19|01:58:01.520] Initialised chain configuration          config="{ChainID: 1 Homestead: 1150000 DAO: 1920000 DAOSupport: true EIP150: 2463000 EIP155: 2675000 EIP158: 2675000 Byzantium: 4370000 Constantinople: 7280000  Petersburg: 7280000 Engine: ethash}"
INFO [12-19|01:58:01.520] Disk storage enabled for ethash caches   dir=/home/sourav/RenoirExperiment10Nodes/gitRepoRenoir/.ethereum5/geth/ethash count=3
INFO [12-19|01:58:01.520] Disk storage enabled for ethash DAGs     dir=/home/sourav/.ethash count=2
INFO [12-19|01:58:01.521] Initialising Ethereum protocol           versions=[63] network=1 dbversion=<nil>
WARN [12-19|01:58:01.521] Upgrade blockchain database version      from=<nil> to=7
INFO [12-19|01:58:01.543] Loaded most recent local header          number=0 hash=d4e567…cb8fa3 td=17179869184 age=51y8mo2w
INFO [12-19|01:58:01.543] Loaded most recent local full block      number=0 hash=d4e567…cb8fa3 td=17179869184 age=51y8mo2w
INFO [12-19|01:58:01.543] Loaded most recent local fast block      number=0 hash=d4e567…cb8fa3 td=17179869184 age=51y8mo2w
INFO [12-19|01:58:01.543] Regenerated local transaction journal    transactions=0 accounts=0
INFO [12-19|01:58:01.570] Allocated fast sync bloom                size=2.00GiB
INFO [12-19|01:58:01.570] @nitin inside worker.go newworkch******************* 
INFO [12-19|01:58:01.643] New local node record                    seq=1 id=7fdbba2c64cdbfd3 ip=127.0.0.1 udp=30303 tcp=30303
INFO [12-19|01:58:01.643] Started P2P networking                   self=enode://558cf142949df60ace325c73cf4d9d2b202fc5457dfd1c16f964619a1915d7e18272c0e90a96915309304f00564fb9918029a796ea7bc1b82bf96fef0ceb3eaa@127.0.0.1:30303
INFO [12-19|01:58:01.645] IPC endpoint opened                      url=/home/sourav/RenoirExperiment10Nodes/gitRepoRenoir/.ethereum5/geth.ipc
INFO [12-19|01:58:01.657] Initialized fast sync bloom              items=12356 errorrate=0.000 elapsed=86.888ms
INFO [12-19|01:58:03.975] Got interrupt, shutting down... 
INFO [12-19|01:58:03.975] IPC endpoint closed                      url=/home/sourav/RenoirExperiment10Nodes/gitRepoRenoir/.ethereum5/geth.ipc
INFO [12-19|01:58:03.975] Blockchain manager stopped 
INFO [12-19|01:58:03.975] Stopping Ethereum protocol 
INFO [12-19|01:58:03.975] Ethereum protocol stopped 
INFO [12-19|01:58:03.975] Transaction pool stopped 
