nohup: appending output to 'nohup.out'
INFO [12-19|21:05:49.211] Bumping default cache on mainnet         provided=1024 updated=4096
INFO [12-19|21:05:49.213] Maximum peer count                       ETH=50 LES=0 total=50
INFO [12-19|21:05:49.213] Smartcard socket not found, disabling    err="stat /run/pcscd/pcscd.comm: no such file or directory"
INFO [12-19|21:05:49.214] Starting peer-to-peer node               instance=Geth/v1.9.1-stable/linux-amd64/go1.9.3
INFO [12-19|21:05:49.214] Allocated trie memory caches             clean=1024.00MiB dirty=1024.00MiB
INFO [12-19|21:05:49.214] Allocated cache and file handles         database=/home/sourav/RenoirExperiment10Nodes/gitRepoRenoir/.ethereum2/geth/chaindata cache=2.00GiB handles=2048
INFO [12-19|21:05:49.514] Opened ancient database                  database=/home/sourav/RenoirExperiment10Nodes/gitRepoRenoir/.ethereum2/geth/chaindata/ancient
INFO [12-19|21:05:49.514] Writing default main-net genesis block 
INFO [12-19|21:05:49.776] Persisted trie from memory database      nodes=12356 size=1.79MiB time=51.261836ms gcnodes=0 gcsize=0.00B gctime=0s livenodes=1 livesize=0.00B
INFO [12-19|21:05:49.777] Initialised chain configuration          config="{ChainID: 1 Homestead: 1150000 DAO: 1920000 DAOSupport: true EIP150: 2463000 EIP155: 2675000 EIP158: 2675000 Byzantium: 4370000 Constantinople: 7280000  Petersburg: 7280000 Engine: ethash}"
INFO [12-19|21:05:49.777] Disk storage enabled for ethash caches   dir=/home/sourav/RenoirExperiment10Nodes/gitRepoRenoir/.ethereum2/geth/ethash count=3
INFO [12-19|21:05:49.777] Disk storage enabled for ethash DAGs     dir=/home/sourav/.ethash count=2
INFO [12-19|21:05:49.777] Initialising Ethereum protocol           versions=[63] network=1 dbversion=<nil>
WARN [12-19|21:05:49.777] Upgrade blockchain database version      from=<nil> to=7
INFO [12-19|21:05:49.800] Loaded most recent local header          number=0 hash=d4e567…cb8fa3 td=17179869184 age=51y8mo2w
INFO [12-19|21:05:49.800] Loaded most recent local full block      number=0 hash=d4e567…cb8fa3 td=17179869184 age=51y8mo2w
INFO [12-19|21:05:49.800] Loaded most recent local fast block      number=0 hash=d4e567…cb8fa3 td=17179869184 age=51y8mo2w
INFO [12-19|21:05:49.800] Regenerated local transaction journal    transactions=0 accounts=0
INFO [12-19|21:05:49.825] Allocated fast sync bloom                size=2.00GiB
INFO [12-19|21:05:49.825] @nitin inside worker.go newworkch******************* 
INFO [12-19|21:05:49.905] New local node record                    seq=1 id=c1f42b94c86f513a ip=127.0.0.1 udp=30303 tcp=30303
INFO [12-19|21:05:49.905] Started P2P networking                   self=enode://f3e51cf17419a208f5f5f780e8f06baa159008fe349da52dfef4762cc18f3af17221c871c977b20e9f1f8d907ed68c54594ea88f90c6e19046c7bdea069c6a3e@127.0.0.1:30303
INFO [12-19|21:05:49.907] IPC endpoint opened                      url=/home/sourav/RenoirExperiment10Nodes/gitRepoRenoir/.ethereum2/geth.ipc
INFO [12-19|21:05:49.911] Initialized fast sync bloom              items=12356 errorrate=0.000 elapsed=86.242ms
INFO [12-19|21:05:52.187] Got interrupt, shutting down... 
INFO [12-19|21:05:52.187] IPC endpoint closed                      url=/home/sourav/RenoirExperiment10Nodes/gitRepoRenoir/.ethereum2/geth.ipc
INFO [12-19|21:05:52.188] Blockchain manager stopped 
INFO [12-19|21:05:52.188] Stopping Ethereum protocol 
INFO [12-19|21:05:52.188] Ethereum protocol stopped 
INFO [12-19|21:05:52.188] Transaction pool stopped 
