nohup: appending output to 'nohup.out'
INFO [12-19|01:57:52.009] Bumping default cache on mainnet         provided=1024 updated=4096
INFO [12-19|01:57:52.010] Maximum peer count                       ETH=50 LES=0 total=50
INFO [12-19|01:57:52.010] Smartcard socket not found, disabling    err="stat /run/pcscd/pcscd.comm: no such file or directory"
INFO [12-19|01:57:52.011] Starting peer-to-peer node               instance=Geth/v1.9.1-stable/linux-amd64/go1.9.3
INFO [12-19|01:57:52.011] Allocated trie memory caches             clean=1024.00MiB dirty=1024.00MiB
INFO [12-19|01:57:52.011] Allocated cache and file handles         database=/home/sourav/RenoirExperiment10Nodes/gitRepoRenoir/.ethereum3/geth/chaindata cache=2.00GiB handles=2048
INFO [12-19|01:57:52.276] Opened ancient database                  database=/home/sourav/RenoirExperiment10Nodes/gitRepoRenoir/.ethereum3/geth/chaindata/ancient
INFO [12-19|01:57:52.276] Writing default main-net genesis block 
INFO [12-19|01:57:52.535] Persisted trie from memory database      nodes=12356 size=1.79MiB time=54.553294ms gcnodes=0 gcsize=0.00B gctime=0s livenodes=1 livesize=0.00B
INFO [12-19|01:57:52.536] Initialised chain configuration          config="{ChainID: 1 Homestead: 1150000 DAO: 1920000 DAOSupport: true EIP150: 2463000 EIP155: 2675000 EIP158: 2675000 Byzantium: 4370000 Constantinople: 7280000  Petersburg: 7280000 Engine: ethash}"
INFO [12-19|01:57:52.536] Disk storage enabled for ethash caches   dir=/home/sourav/RenoirExperiment10Nodes/gitRepoRenoir/.ethereum3/geth/ethash count=3
INFO [12-19|01:57:52.536] Disk storage enabled for ethash DAGs     dir=/home/sourav/.ethash count=2
INFO [12-19|01:57:52.536] Initialising Ethereum protocol           versions=[63] network=1 dbversion=<nil>
WARN [12-19|01:57:52.536] Upgrade blockchain database version      from=<nil> to=7
INFO [12-19|01:57:52.561] Loaded most recent local header          number=0 hash=d4e567…cb8fa3 td=17179869184 age=51y8mo2w
INFO [12-19|01:57:52.561] Loaded most recent local full block      number=0 hash=d4e567…cb8fa3 td=17179869184 age=51y8mo2w
INFO [12-19|01:57:52.561] Loaded most recent local fast block      number=0 hash=d4e567…cb8fa3 td=17179869184 age=51y8mo2w
INFO [12-19|01:57:52.561] Regenerated local transaction journal    transactions=0 accounts=0
INFO [12-19|01:57:52.588] Allocated fast sync bloom                size=2.00GiB
INFO [12-19|01:57:52.589] @nitin inside worker.go newworkch******************* 
INFO [12-19|01:57:52.667] New local node record                    seq=1 id=f6157811a1406b01 ip=127.0.0.1 udp=30303 tcp=30303
INFO [12-19|01:57:52.668] Started P2P networking                   self=enode://a2fd858caad6e246d677feff0031b3f8bb7c1992275d4ad42e5070e0870f2dde3c311fecb452b6e9cf3bd5dd1f6192191bf57475eba0feab2d1a8d60c0936eb8@127.0.0.1:30303
INFO [12-19|01:57:52.669] IPC endpoint opened                      url=/home/sourav/RenoirExperiment10Nodes/gitRepoRenoir/.ethereum3/geth.ipc
INFO [12-19|01:57:52.675] Initialized fast sync bloom              items=12356 errorrate=0.000 elapsed=86.897ms
INFO [12-19|01:57:54.991] Got interrupt, shutting down... 
INFO [12-19|01:57:54.991] IPC endpoint closed                      url=/home/sourav/RenoirExperiment10Nodes/gitRepoRenoir/.ethereum3/geth.ipc
INFO [12-19|01:57:54.991] Blockchain manager stopped 
INFO [12-19|01:57:54.991] Stopping Ethereum protocol 
INFO [12-19|01:57:54.991] Ethereum protocol stopped 
INFO [12-19|01:57:54.991] Transaction pool stopped 
