nohup: appending output to 'nohup.out'
INFO [12-19|01:58:09.977] Bumping default cache on mainnet         provided=1024 updated=4096
INFO [12-19|01:58:09.979] Maximum peer count                       ETH=50 LES=0 total=50
INFO [12-19|01:58:09.979] Smartcard socket not found, disabling    err="stat /run/pcscd/pcscd.comm: no such file or directory"
INFO [12-19|01:58:09.981] Starting peer-to-peer node               instance=Geth/v1.9.1-stable/linux-amd64/go1.9.3
INFO [12-19|01:58:09.981] Allocated trie memory caches             clean=1024.00MiB dirty=1024.00MiB
INFO [12-19|01:58:09.981] Allocated cache and file handles         database=/home/sourav/RenoirExperiment10Nodes/gitRepoRenoir/.ethereum7/geth/chaindata cache=2.00GiB handles=2048
INFO [12-19|01:58:10.243] Opened ancient database                  database=/home/sourav/RenoirExperiment10Nodes/gitRepoRenoir/.ethereum7/geth/chaindata/ancient
INFO [12-19|01:58:10.243] Writing default main-net genesis block 
INFO [12-19|01:58:10.494] Persisted trie from memory database      nodes=12356 size=1.79MiB time=52.992921ms gcnodes=0 gcsize=0.00B gctime=0s livenodes=1 livesize=0.00B
INFO [12-19|01:58:10.494] Initialised chain configuration          config="{ChainID: 1 Homestead: 1150000 DAO: 1920000 DAOSupport: true EIP150: 2463000 EIP155: 2675000 EIP158: 2675000 Byzantium: 4370000 Constantinople: 7280000  Petersburg: 7280000 Engine: ethash}"
INFO [12-19|01:58:10.494] Disk storage enabled for ethash caches   dir=/home/sourav/RenoirExperiment10Nodes/gitRepoRenoir/.ethereum7/geth/ethash count=3
INFO [12-19|01:58:10.494] Disk storage enabled for ethash DAGs     dir=/home/sourav/.ethash count=2
INFO [12-19|01:58:10.494] Initialising Ethereum protocol           versions=[63] network=1 dbversion=<nil>
WARN [12-19|01:58:10.494] Upgrade blockchain database version      from=<nil> to=7
INFO [12-19|01:58:10.516] Loaded most recent local header          number=0 hash=d4e567…cb8fa3 td=17179869184 age=51y8mo2w
INFO [12-19|01:58:10.516] Loaded most recent local full block      number=0 hash=d4e567…cb8fa3 td=17179869184 age=51y8mo2w
INFO [12-19|01:58:10.516] Loaded most recent local fast block      number=0 hash=d4e567…cb8fa3 td=17179869184 age=51y8mo2w
INFO [12-19|01:58:10.517] Regenerated local transaction journal    transactions=0 accounts=0
INFO [12-19|01:58:10.540] Allocated fast sync bloom                size=2.00GiB
INFO [12-19|01:58:10.541] @nitin inside worker.go newworkch******************* 
INFO [12-19|01:58:10.620] New local node record                    seq=1 id=fe46e51c8864c033 ip=127.0.0.1 udp=30303 tcp=30303
INFO [12-19|01:58:10.620] Started P2P networking                   self=enode://2bb940039a3a000668c3bf69f34432aa53620402dd6f322562cadce8d14e7d0d78954438f3927b6ea11be8997de3cba49ddcb05f736e8e83011566ab792f244d@127.0.0.1:30303
INFO [12-19|01:58:10.622] IPC endpoint opened                      url=/home/sourav/RenoirExperiment10Nodes/gitRepoRenoir/.ethereum7/geth.ipc
INFO [12-19|01:58:10.626] Initialized fast sync bloom              items=12356 errorrate=0.000 elapsed=85.692ms
INFO [12-19|01:58:12.959] Got interrupt, shutting down... 
INFO [12-19|01:58:12.959] IPC endpoint closed                      url=/home/sourav/RenoirExperiment10Nodes/gitRepoRenoir/.ethereum7/geth.ipc
INFO [12-19|01:58:12.959] Blockchain manager stopped 
INFO [12-19|01:58:12.959] Stopping Ethereum protocol 
INFO [12-19|01:58:12.959] Ethereum protocol stopped 
INFO [12-19|01:58:12.959] Transaction pool stopped 
