nohup: appending output to 'nohup.out'
INFO [12-19|21:05:44.710] Bumping default cache on mainnet         provided=1024 updated=4096
INFO [12-19|21:05:44.711] Maximum peer count                       ETH=50 LES=0 total=50
INFO [12-19|21:05:44.711] Smartcard socket not found, disabling    err="stat /run/pcscd/pcscd.comm: no such file or directory"
INFO [12-19|21:05:44.713] Starting peer-to-peer node               instance=Geth/v1.9.1-stable/linux-amd64/go1.9.3
INFO [12-19|21:05:44.713] Allocated trie memory caches             clean=1024.00MiB dirty=1024.00MiB
INFO [12-19|21:05:44.713] Allocated cache and file handles         database=/home/sourav/RenoirExperiment10Nodes/gitRepoRenoir/.ethereum1/geth/chaindata cache=2.00GiB handles=2048
INFO [12-19|21:05:44.983] Opened ancient database                  database=/home/sourav/RenoirExperiment10Nodes/gitRepoRenoir/.ethereum1/geth/chaindata/ancient
INFO [12-19|21:05:44.983] Writing default main-net genesis block 
INFO [12-19|21:05:45.235] Persisted trie from memory database      nodes=12356 size=1.79MiB time=52.943579ms gcnodes=0 gcsize=0.00B gctime=0s livenodes=1 livesize=0.00B
INFO [12-19|21:05:45.235] Initialised chain configuration          config="{ChainID: 1 Homestead: 1150000 DAO: 1920000 DAOSupport: true EIP150: 2463000 EIP155: 2675000 EIP158: 2675000 Byzantium: 4370000 Constantinople: 7280000  Petersburg: 7280000 Engine: ethash}"
INFO [12-19|21:05:45.235] Disk storage enabled for ethash caches   dir=/home/sourav/RenoirExperiment10Nodes/gitRepoRenoir/.ethereum1/geth/ethash count=3
INFO [12-19|21:05:45.235] Disk storage enabled for ethash DAGs     dir=/home/sourav/.ethash count=2
INFO [12-19|21:05:45.236] Initialising Ethereum protocol           versions=[63] network=1 dbversion=<nil>
WARN [12-19|21:05:45.236] Upgrade blockchain database version      from=<nil> to=7
INFO [12-19|21:05:45.258] Loaded most recent local header          number=0 hash=d4e567…cb8fa3 td=17179869184 age=51y8mo2w
INFO [12-19|21:05:45.259] Loaded most recent local full block      number=0 hash=d4e567…cb8fa3 td=17179869184 age=51y8mo2w
INFO [12-19|21:05:45.259] Loaded most recent local fast block      number=0 hash=d4e567…cb8fa3 td=17179869184 age=51y8mo2w
INFO [12-19|21:05:45.259] Regenerated local transaction journal    transactions=0 accounts=0
INFO [12-19|21:05:45.285] Allocated fast sync bloom                size=2.00GiB
INFO [12-19|21:05:45.286] @nitin inside worker.go newworkch******************* 
INFO [12-19|21:05:45.358] New local node record                    seq=1 id=b1a97fbcd6dd2fdb ip=127.0.0.1 udp=30303 tcp=30303
INFO [12-19|21:05:45.359] Started P2P networking                   self=enode://adad8e2db126e6d70a6d8956a3060095994a875e7840a056b662916ea942960fe5c3c9fdca9c701963a5c4264008144fea82416bab9330c0886027fd0450c805@127.0.0.1:30303
INFO [12-19|21:05:45.360] IPC endpoint opened                      url=/home/sourav/RenoirExperiment10Nodes/gitRepoRenoir/.ethereum1/geth.ipc
INFO [12-19|21:05:45.373] Initialized fast sync bloom              items=12356 errorrate=0.000 elapsed=87.155ms
INFO [12-19|21:05:47.692] Got interrupt, shutting down... 
INFO [12-19|21:05:47.692] IPC endpoint closed                      url=/home/sourav/RenoirExperiment10Nodes/gitRepoRenoir/.ethereum1/geth.ipc
INFO [12-19|21:05:47.692] Blockchain manager stopped 
INFO [12-19|21:05:47.692] Stopping Ethereum protocol 
INFO [12-19|21:05:47.692] Ethereum protocol stopped 
INFO [12-19|21:05:47.692] Transaction pool stopped 
